execve("./hello", ["./hello"], 0x7ffd7ab2d8d8 /* 78 vars */) = 0 <0.000468>
brk(NULL)                               = 0x55adf8f56000 <0.000077>
access("/etc/ld.so.nohwcap", F_OK)      = -1 ENOENT (No such file or directory) <0.000119>
access("/etc/ld.so.preload", R_OK)      = -1 ENOENT (No such file or directory) <0.000025>
openat(AT_FDCWD, "/u01/app/oracle/product/11.2.0/xe/lib/tls/haswell/x86_64/libc.so.6", O_RDONLY|O_CLOEXEC) = -1 ENOENT (No such file or directory) <0.000046>
stat("/u01/app/oracle/product/11.2.0/xe/lib/tls/haswell/x86_64", 0x7ffe4f948f80) = -1 ENOENT (No such file or directory) <0.000022>
openat(AT_FDCWD, "/u01/app/oracle/product/11.2.0/xe/lib/tls/haswell/libc.so.6", O_RDONLY|O_CLOEXEC) = -1 ENOENT (No such file or directory) <0.000021>
stat("/u01/app/oracle/product/11.2.0/xe/lib/tls/haswell", 0x7ffe4f948f80) = -1 ENOENT (No such file or directory) <0.000020>
openat(AT_FDCWD, "/u01/app/oracle/product/11.2.0/xe/lib/tls/x86_64/libc.so.6", O_RDONLY|O_CLOEXEC) = -1 ENOENT (No such file or directory) <0.000020>
stat("/u01/app/oracle/product/11.2.0/xe/lib/tls/x86_64", 0x7ffe4f948f80) = -1 ENOENT (No such file or directory) <0.000020>
openat(AT_FDCWD, "/u01/app/oracle/product/11.2.0/xe/lib/tls/libc.so.6", O_RDONLY|O_CLOEXEC) = -1 ENOENT (No such file or directory) <0.000022>
stat("/u01/app/oracle/product/11.2.0/xe/lib/tls", 0x7ffe4f948f80) = -1 ENOENT (No such file or directory) <0.000020>
openat(AT_FDCWD, "/u01/app/oracle/product/11.2.0/xe/lib/haswell/x86_64/libc.so.6", O_RDONLY|O_CLOEXEC) = -1 ENOENT (No such file or directory) <0.000021>
stat("/u01/app/oracle/product/11.2.0/xe/lib/haswell/x86_64", 0x7ffe4f948f80) = -1 ENOENT (No such file or directory) <0.000020>
openat(AT_FDCWD, "/u01/app/oracle/product/11.2.0/xe/lib/haswell/libc.so.6", O_RDONLY|O_CLOEXEC) = -1 ENOENT (No such file or directory) <0.000021>
stat("/u01/app/oracle/product/11.2.0/xe/lib/haswell", 0x7ffe4f948f80) = -1 ENOENT (No such file or directory) <0.000020>
openat(AT_FDCWD, "/u01/app/oracle/product/11.2.0/xe/lib/x86_64/libc.so.6", O_RDONLY|O_CLOEXEC) = -1 ENOENT (No such file or directory) <0.000023>
stat("/u01/app/oracle/product/11.2.0/xe/lib/x86_64", 0x7ffe4f948f80) = -1 ENOENT (No such file or directory) <0.000020>
openat(AT_FDCWD, "/u01/app/oracle/product/11.2.0/xe/lib/libc.so.6", O_RDONLY|O_CLOEXEC) = -1 ENOENT (No such file or directory) <0.000022>
stat("/u01/app/oracle/product/11.2.0/xe/lib", {st_mode=S_IFDIR|0755, st_size=4096, ...}) = 0 <0.000023>
openat(AT_FDCWD, "tls/haswell/x86_64/libc.so.6", O_RDONLY|O_CLOEXEC) = -1 ENOENT (No such file or directory) <0.000021>
openat(AT_FDCWD, "tls/haswell/libc.so.6", O_RDONLY|O_CLOEXEC) = -1 ENOENT (No such file or directory) <0.000020>
openat(AT_FDCWD, "tls/x86_64/libc.so.6", O_RDONLY|O_CLOEXEC) = -1 ENOENT (No such file or directory) <0.000020>
openat(AT_FDCWD, "tls/libc.so.6", O_RDONLY|O_CLOEXEC) = -1 ENOENT (No such file or directory) <0.000020>
openat(AT_FDCWD, "haswell/x86_64/libc.so.6", O_RDONLY|O_CLOEXEC) = -1 ENOENT (No such file or directory) <0.000030>
openat(AT_FDCWD, "haswell/libc.so.6", O_RDONLY|O_CLOEXEC) = -1 ENOENT (No such file or directory) <0.000020>
openat(AT_FDCWD, "x86_64/libc.so.6", O_RDONLY|O_CLOEXEC) = -1 ENOENT (No such file or directory) <0.000020>
openat(AT_FDCWD, "libc.so.6", O_RDONLY|O_CLOEXEC) = -1 ENOENT (No such file or directory) <0.000019>
openat(AT_FDCWD, "/etc/ld.so.cache", O_RDONLY|O_CLOEXEC) = 3 <0.000027>
fstat(3, {st_mode=S_IFREG|0644, st_size=97204, ...}) = 0 <0.000019>
mmap(NULL, 97204, PROT_READ, MAP_PRIVATE, 3, 0) = 0x7febbcff3000 <0.000025>
close(3)                                = 0 <0.000018>
access("/etc/ld.so.nohwcap", F_OK)      = -1 ENOENT (No such file or directory) <0.000021>
openat(AT_FDCWD, "/lib/x86_64-linux-gnu/libc.so.6", O_RDONLY|O_CLOEXEC) = 3 <0.000024>
read(3, "\177ELF\2\1\1\3\0\0\0\0\0\0\0\0\3\0>\0\1\0\0\0\260\34\2\0\0\0\0\0"..., 832) = 832 <0.000022>
fstat(3, {st_mode=S_IFREG|0755, st_size=2030544, ...}) = 0 <0.000018>
mmap(NULL, 8192, PROT_READ|PROT_WRITE, MAP_PRIVATE|MAP_ANONYMOUS, -1, 0) = 0x7febbcff1000 <0.000021>
mmap(NULL, 4131552, PROT_READ|PROT_EXEC, MAP_PRIVATE|MAP_DENYWRITE, 3, 0) = 0x7febbc9f3000 <0.000024>
mprotect(0x7febbcbda000, 2097152, PROT_NONE) = 0 <0.000036>
mmap(0x7febbcdda000, 24576, PROT_READ|PROT_WRITE, MAP_PRIVATE|MAP_FIXED|MAP_DENYWRITE, 3, 0x1e7000) = 0x7febbcdda000 <0.000031>
mmap(0x7febbcde0000, 15072, PROT_READ|PROT_WRITE, MAP_PRIVATE|MAP_FIXED|MAP_ANONYMOUS, -1, 0) = 0x7febbcde0000 <0.000023>
close(3)                                = 0 <0.000018>
arch_prctl(ARCH_SET_FS, 0x7febbcff24c0) = 0 <0.000017>
mprotect(0x7febbcdda000, 16384, PROT_READ) = 0 <0.000029>
mprotect(0x55adf846a000, 4096, PROT_READ) = 0 <0.000022>
mprotect(0x7febbd00b000, 4096, PROT_READ) = 0 <0.000025>
munmap(0x7febbcff3000, 97204)           = 0 <0.000054>
fstat(1, {st_mode=S_IFCHR|0620, st_rdev=makedev(136, 0), ...}) = 0 <0.000019>
brk(NULL)                               = 0x55adf8f56000 <0.000018>
brk(0x55adf8f77000)                     = 0x55adf8f77000 <0.000020>
write(1, "hello world\n", 12)           = 12 <0.000031>
exit_group(0)                           = ?
+++ exited with 0 +++
